This file contains any messages produced by compilers while
running configure, to aid debugging if configure makes a mistake.

It was created by Eudyptula configure 0.1, which was
generated by GNU Autoconf 2.68.  Invocation command line was

  $ ./configure --no-create --no-recursion

## --------- ##
## Platform. ##
## --------- ##

hostname = Scotia
uname -m = x86_64
uname -r = 3.8.12-100.fc17.x86_64
uname -s = Linux
uname -v = #1 SMP Wed May 8 15:36:14 UTC 2013

/usr/bin/uname -p = x86_64
/bin/uname -X     = unknown

/bin/arch              = x86_64
/usr/bin/arch -k       = unknown
/usr/convex/getsysinfo = unknown
/usr/bin/hostinfo      = unknown
/bin/machine           = unknown
/usr/bin/oslevel       = unknown
/bin/universe          = unknown

PATH: /home/nhowie/perl5/perlbrew/bin
PATH: /home/nhowie/perl5/perlbrew/perls/perl-5.18.0/bin
PATH: /home/nhowie/.rvm/gems/ruby-1.9.3-p194/bin
PATH: /home/nhowie/.rvm/gems/ruby-1.9.3-p194@global/bin
PATH: /home/nhowie/.rvm/rubies/ruby-1.9.3-p194/bin
PATH: /home/nhowie/.rvm/bin
PATH: /home/nhowie/.rvm/gems/ruby-1.9.3-p194/bin
PATH: /home/nhowie/.rvm/gems/ruby-1.9.3-p194@global/bin
PATH: /home/nhowie/.rvm/rubies/ruby-1.9.3-p194/bin
PATH: /usr/lib64/qt-3.3/bin
PATH: /usr/local/bin
PATH: /bin
PATH: /usr/bin
PATH: /usr/local/sbin
PATH: /usr/sbin
PATH: /sbin
PATH: /home/nhowie/.local/bin
PATH: /home/nhowie/bin


## ----------- ##
## Core tests. ##
## ----------- ##

configure:1922: checking for a BSD-compatible install
configure:1990: result: /bin/install -c
configure:2001: checking whether build environment is sane
configure:2051: result: yes
configure:2192: checking for a thread-safe mkdir -p
configure:2231: result: /bin/mkdir -p
configure:2244: checking for gawk
configure:2260: found /bin/gawk
configure:2271: result: gawk
configure:2282: checking whether make sets $(MAKE)
configure:2304: result: yes
configure:2425: checking for gcc
configure:2441: found /bin/gcc
configure:2452: result: gcc
configure:2681: checking for C compiler version
configure:2690: gcc --version >&5
gcc (GCC) 4.7.2 20120921 (Red Hat 4.7.2-2)
Copyright (C) 2012 Free Software Foundation, Inc.
This is free software; see the source for copying conditions.  There is NO
warranty; not even for MERCHANTABILITY or FITNESS FOR A PARTICULAR PURPOSE.

configure:2701: $? = 0
configure:2690: gcc -v >&5
Using built-in specs.
COLLECT_GCC=gcc
COLLECT_LTO_WRAPPER=/usr/libexec/gcc/x86_64-redhat-linux/4.7.2/lto-wrapper
Target: x86_64-redhat-linux
Configured with: ../configure --prefix=/usr --mandir=/usr/share/man --infodir=/usr/share/info --with-bugurl=http://bugzilla.redhat.com/bugzilla --enable-bootstrap --enable-shared --enable-threads=posix --enable-checking=release --disable-build-with-cxx --disable-build-poststage1-with-cxx --with-system-zlib --enable-__cxa_atexit --disable-libunwind-exceptions --enable-gnu-unique-object --enable-linker-build-id --with-linker-hash-style=gnu --enable-languages=c,c++,objc,obj-c++,java,fortran,ada,go,lto --enable-plugin --enable-initfini-array --enable-java-awt=gtk --disable-dssi --with-java-home=/usr/lib/jvm/java-1.5.0-gcj-1.5.0.0/jre --enable-libgcj-multifile --enable-java-maintainer-mode --with-ecj-jar=/usr/share/java/eclipse-ecj.jar --disable-libjava-multilib --with-ppl --with-cloog --with-tune=generic --with-arch_32=i686 --build=x86_64-redhat-linux
Thread model: posix
gcc version 4.7.2 20120921 (Red Hat 4.7.2-2) (GCC) 
configure:2701: $? = 0
configure:2690: gcc -V >&5
gcc: error: unrecognized command line option '-V'
gcc: fatal error: no input files
compilation terminated.
configure:2701: $? = 4
configure:2690: gcc -qversion >&5
gcc: error: unrecognized command line option '-qversion'
gcc: fatal error: no input files
compilation terminated.
configure:2701: $? = 4
configure:2721: checking whether the C compiler works
configure:2743: gcc    conftest.c  >&5
configure:2747: $? = 0
configure:2795: result: yes
configure:2798: checking for C compiler default output file name
configure:2800: result: a.out
configure:2806: checking for suffix of executables
configure:2813: gcc -o conftest    conftest.c  >&5
configure:2817: $? = 0
configure:2839: result: 
configure:2861: checking whether we are cross compiling
configure:2869: gcc -o conftest    conftest.c  >&5
configure:2873: $? = 0
configure:2880: ./conftest
configure:2884: $? = 0
configure:2899: result: no
configure:2904: checking for suffix of object files
configure:2926: gcc -c   conftest.c >&5
configure:2930: $? = 0
configure:2951: result: o
configure:2955: checking whether we are using the GNU C compiler
configure:2974: gcc -c   conftest.c >&5
configure:2974: $? = 0
configure:2983: result: yes
configure:2992: checking whether gcc accepts -g
configure:3012: gcc -c -g  conftest.c >&5
configure:3012: $? = 0
configure:3053: result: yes
configure:3070: checking for gcc option to accept ISO C89
configure:3134: gcc  -c -g -O2  conftest.c >&5
configure:3134: $? = 0
configure:3147: result: none needed
configure:3178: checking for style of include used by make
configure:3206: result: GNU
configure:3232: checking dependency style of gcc
configure:3343: result: gcc3
configure:3416: checking for g++
configure:3432: found /bin/g++
configure:3443: result: g++
configure:3470: checking for C++ compiler version
configure:3479: g++ --version >&5
g++ (GCC) 4.7.2 20120921 (Red Hat 4.7.2-2)
Copyright (C) 2012 Free Software Foundation, Inc.
This is free software; see the source for copying conditions.  There is NO
warranty; not even for MERCHANTABILITY or FITNESS FOR A PARTICULAR PURPOSE.

configure:3490: $? = 0
configure:3479: g++ -v >&5
Using built-in specs.
COLLECT_GCC=g++
COLLECT_LTO_WRAPPER=/usr/libexec/gcc/x86_64-redhat-linux/4.7.2/lto-wrapper
Target: x86_64-redhat-linux
Configured with: ../configure --prefix=/usr --mandir=/usr/share/man --infodir=/usr/share/info --with-bugurl=http://bugzilla.redhat.com/bugzilla --enable-bootstrap --enable-shared --enable-threads=posix --enable-checking=release --disable-build-with-cxx --disable-build-poststage1-with-cxx --with-system-zlib --enable-__cxa_atexit --disable-libunwind-exceptions --enable-gnu-unique-object --enable-linker-build-id --with-linker-hash-style=gnu --enable-languages=c,c++,objc,obj-c++,java,fortran,ada,go,lto --enable-plugin --enable-initfini-array --enable-java-awt=gtk --disable-dssi --with-java-home=/usr/lib/jvm/java-1.5.0-gcj-1.5.0.0/jre --enable-libgcj-multifile --enable-java-maintainer-mode --with-ecj-jar=/usr/share/java/eclipse-ecj.jar --disable-libjava-multilib --with-ppl --with-cloog --with-tune=generic --with-arch_32=i686 --build=x86_64-redhat-linux
Thread model: posix
gcc version 4.7.2 20120921 (Red Hat 4.7.2-2) (GCC) 
configure:3490: $? = 0
configure:3479: g++ -V >&5
g++: error: unrecognized command line option '-V'
g++: fatal error: no input files
compilation terminated.
configure:3490: $? = 4
configure:3479: g++ -qversion >&5
g++: error: unrecognized command line option '-qversion'
g++: fatal error: no input files
compilation terminated.
configure:3490: $? = 4
configure:3494: checking whether we are using the GNU C++ compiler
configure:3513: g++ -c   conftest.cpp >&5
configure:3513: $? = 0
configure:3522: result: yes
configure:3531: checking whether g++ accepts -g
configure:3551: g++ -c -g  conftest.cpp >&5
configure:3551: $? = 0
configure:3592: result: yes
configure:3617: checking dependency style of g++
configure:3728: result: gcc3
configure:3789: checking for snd_pcm_hw_params_get_access_mask in -lasound
configure:3814: gcc -o conftest -g -O2   conftest.c -lasound   >&5
configure:3814: $? = 0
configure:3823: result: yes
configure:3841: gcc -c -g -O2  conftest.c >&5
conftest.c: In function 'main':
conftest.c:17:35: error: 'NULL' undeclared (first use in this function)
conftest.c:17:35: note: each undeclared identifier is reported only once for each function it appears in
configure:3841: $? = 1
configure: failed program was:
| /* confdefs.h */
| #define PACKAGE_NAME "Eudyptula"
| #define PACKAGE_TARNAME "eudyptula"
| #define PACKAGE_VERSION "0.1"
| #define PACKAGE_STRING "Eudyptula 0.1"
| #define PACKAGE_BUGREPORT "neil.howie@yahoo.co.uk"
| #define PACKAGE_URL "http://hello.example.com/"
| /* end confdefs.h.  */
| #ifdef HAVE_ALSA_ASOUNDLIB_H
| #include <alsa/asoundlib.h>
| #elif defined(HAVE_SYS_ASOUNDLIB_H)
| #include <sys/asoundlib.h>
| #endif
| int
| main ()
| {
| snd_pcm_hw_params_get_access_mask(NULL, NULL)
|   ;
|   return 0;
| }
configure:3983: creating ./config.status

## ---------------- ##
## Cache variables. ##
## ---------------- ##

ac_cv_c_compiler_gnu=yes
ac_cv_cxx_compiler_gnu=yes
ac_cv_env_CCC_set=
ac_cv_env_CCC_value=
ac_cv_env_CC_set=
ac_cv_env_CC_value=
ac_cv_env_CFLAGS_set=
ac_cv_env_CFLAGS_value=
ac_cv_env_CPPFLAGS_set=
ac_cv_env_CPPFLAGS_value=
ac_cv_env_CXXFLAGS_set=
ac_cv_env_CXXFLAGS_value=
ac_cv_env_CXX_set=
ac_cv_env_CXX_value=
ac_cv_env_LDFLAGS_set=
ac_cv_env_LDFLAGS_value=
ac_cv_env_LIBS_set=
ac_cv_env_LIBS_value=
ac_cv_env_build_alias_set=
ac_cv_env_build_alias_value=
ac_cv_env_host_alias_set=
ac_cv_env_host_alias_value=
ac_cv_env_target_alias_set=
ac_cv_env_target_alias_value=
ac_cv_lib_asound_snd_pcm_hw_params_get_access_mask=yes
ac_cv_objext=o
ac_cv_path_install='/bin/install -c'
ac_cv_path_mkdir=/bin/mkdir
ac_cv_prog_AWK=gawk
ac_cv_prog_ac_ct_CC=gcc
ac_cv_prog_ac_ct_CXX=g++
ac_cv_prog_cc_c89=
ac_cv_prog_cc_g=yes
ac_cv_prog_cxx_g=yes
ac_cv_prog_make_make_set=yes
am_cv_CC_dependencies_compiler_type=gcc3
am_cv_CXX_dependencies_compiler_type=gcc3

## ----------------- ##
## Output variables. ##
## ----------------- ##

ACLOCAL='${SHELL} /home/nhowie/Eudyptula/missing --run aclocal-1.11'
ALSA_LIBS=''
AMDEPBACKSLASH='\'
AMDEP_FALSE='#'
AMDEP_TRUE=''
AMTAR='$${TAR-tar}'
AUTOCONF='${SHELL} /home/nhowie/Eudyptula/missing --run autoconf'
AUTOHEADER='${SHELL} /home/nhowie/Eudyptula/missing --run autoheader'
AUTOMAKE='${SHELL} /home/nhowie/Eudyptula/missing --run automake-1.11'
AWK='gawk'
BOOST_CPPFLAGS='-I/usr/include/'
BOOST_LIBS='-lboost_thread-mt'
CC='gcc'
CCDEPMODE='depmode=gcc3'
CFLAGS='-g -O2'
CPPFLAGS=''
CXX='g++'
CXXDEPMODE='depmode=gcc3'
CXXFLAGS='-g -O2'
CYGPATH_W='echo'
DEFS='-DHAVE_CONFIG_H'
DEPDIR='.deps'
ECHO_C=''
ECHO_N='-n'
ECHO_T=''
EXEEXT=''
FLTK_CPPFLAGS='-I/usr/local/include/'
FLTK_LIBS='-lfltk -ldl -lX11 -lXext'
INSTALL_DATA='${INSTALL} -m 644'
INSTALL_PROGRAM='${INSTALL}'
INSTALL_SCRIPT='${INSTALL}'
INSTALL_STRIP_PROGRAM='$(install_sh) -c -s'
LDFLAGS=''
LIBOBJS=''
LIBS=''
LTLIBOBJS=''
MAKEINFO='${SHELL} /home/nhowie/Eudyptula/missing --run makeinfo'
MKDIR_P='/bin/mkdir -p'
OBJEXT='o'
PACKAGE='eudyptula'
PACKAGE_BUGREPORT='neil.howie@yahoo.co.uk'
PACKAGE_NAME='Eudyptula'
PACKAGE_STRING='Eudyptula 0.1'
PACKAGE_TARNAME='eudyptula'
PACKAGE_URL='http://hello.example.com/'
PACKAGE_VERSION='0.1'
PATH_SEPARATOR=':'
SET_MAKE=''
SHELL='/bin/sh'
STRIP=''
VERSION='0.1'
ac_ct_CC='gcc'
ac_ct_CXX='g++'
am__EXEEXT_FALSE=''
am__EXEEXT_TRUE='#'
am__fastdepCC_FALSE='#'
am__fastdepCC_TRUE=''
am__fastdepCXX_FALSE='#'
am__fastdepCXX_TRUE=''
am__include='include'
am__isrc=''
am__leading_dot='.'
am__nodep='_no'
am__quote=''
am__tar='$${TAR-tar} chof - "$$tardir"'
am__untar='$${TAR-tar} xf -'
bindir='${exec_prefix}/bin'
build_alias=''
datadir='${datarootdir}'
datarootdir='${prefix}/share'
docdir='${datarootdir}/doc/${PACKAGE_TARNAME}'
dvidir='${docdir}'
exec_prefix='${prefix}'
host_alias=''
htmldir='${docdir}'
includedir='${prefix}/include'
infodir='${datarootdir}/info'
install_sh='${SHELL} /home/nhowie/Eudyptula/install-sh'
libdir='${exec_prefix}/lib'
libexecdir='${exec_prefix}/libexec'
localedir='${datarootdir}/locale'
localstatedir='${prefix}/var'
mandir='${datarootdir}/man'
mkdir_p='/bin/mkdir -p'
oldincludedir='/usr/include'
pdfdir='${docdir}'
prefix='/usr/local'
program_transform_name='s,x,x,'
psdir='${docdir}'
sbindir='${exec_prefix}/sbin'
sharedstatedir='${prefix}/com'
sysconfdir='${prefix}/etc'
target_alias=''

## ----------- ##
## confdefs.h. ##
## ----------- ##

/* confdefs.h */
#define PACKAGE_NAME "Eudyptula"
#define PACKAGE_TARNAME "eudyptula"
#define PACKAGE_VERSION "0.1"
#define PACKAGE_STRING "Eudyptula 0.1"
#define PACKAGE_BUGREPORT "neil.howie@yahoo.co.uk"
#define PACKAGE_URL "http://hello.example.com/"

configure: exit 0

## ---------------------- ##
## Running config.status. ##
## ---------------------- ##

This file was extended by Eudyptula config.status 0.1, which was
generated by GNU Autoconf 2.68.  Invocation command line was

  CONFIG_FILES    = 
  CONFIG_HEADERS  = 
  CONFIG_LINKS    = 
  CONFIG_COMMANDS = 
  $ ./config.status 

on Scotia

config.status:857: creating Makefile
config.status:857: creating config.h
config.status:1038: config.h is unchanged
config.status:1086: executing depfiles commands

## ---------------------- ##
## Running config.status. ##
## ---------------------- ##

This file was extended by Eudyptula config.status 0.1, which was
generated by GNU Autoconf 2.68.  Invocation command line was

  CONFIG_FILES    = 
  CONFIG_HEADERS  = 
  CONFIG_LINKS    = 
  CONFIG_COMMANDS = 
  $ ./config.status config.h

on Scotia

config.status:857: creating config.h
config.status:1038: config.h is unchanged
